May-23 12:38:55.121 [main] DEBUG nextflow.cli.Launcher - $> nextflow run whatever.nf
May-23 12:38:55.256 [main] INFO  nextflow.cli.CmdRun - N E X T F L O W  ~  version 19.04.0
May-23 12:38:55.270 [main] INFO  nextflow.cli.CmdRun - Launching `whatever.nf` [maniac_northcutt] - revision: 896d368a09
May-23 12:38:55.289 [main] DEBUG nextflow.config.ConfigBuilder - Found config local: /Users/jste0021/scripts/git_controlled/SoutheyLab/nextflow-workflows/nextflow.config
May-23 12:38:55.290 [main] DEBUG nextflow.config.ConfigBuilder - Parsing config file: /Users/jste0021/scripts/git_controlled/SoutheyLab/nextflow-workflows/nextflow.config
May-23 12:38:55.335 [main] DEBUG nextflow.config.ConfigBuilder - Applying config profile: `standard`
May-23 12:38:55.862 [main] DEBUG nextflow.Session - Session uuid: bd366da2-18d2-4935-b386-fc4c0ccfe928
May-23 12:38:55.862 [main] DEBUG nextflow.Session - Run name: maniac_northcutt
May-23 12:38:55.863 [main] DEBUG nextflow.Session - Executor pool size: 4
May-23 12:38:55.891 [main] DEBUG nextflow.cli.CmdRun - 
  Version: 19.04.0 build 5069
  Modified: 17-04-2019 06:25 UTC (16:25 AEDT)
  System: Mac OS X 10.14.5
  Runtime: Groovy 2.5.6 on Java HotSpot(TM) 64-Bit Server VM 1.8.0_141-b15
  Encoding: UTF-8 (UTF-8)
  Process: 8589@MU00105736X [49.127.51.165]
  CPUs: 4 - Mem: 8 GB (727.9 MB) - Swap: 1 GB (403.5 MB)
May-23 12:38:55.908 [main] DEBUG nextflow.Session - Work-dir: /Users/jste0021/scripts/git_controlled/SoutheyLab/nextflow-workflows/work [Mac OS X]
May-23 12:38:55.908 [main] DEBUG nextflow.Session - Script base path does not exist or is not a directory: /Users/jste0021/scripts/git_controlled/SoutheyLab/nextflow-workflows/bin
May-23 12:38:56.028 [main] DEBUG nextflow.Session - Session start invoked
May-23 12:38:56.032 [main] DEBUG nextflow.processor.TaskDispatcher - Dispatcher > start
May-23 12:38:56.036 [main] DEBUG nextflow.script.ScriptRunner - > Script parsing
May-23 12:38:56.138 [main] DEBUG nextflow.script.ScriptRunner - > Launching execution
May-23 12:38:56.348 [main] DEBUG nextflow.script.ScriptRunner - > Await termination 
May-23 12:38:56.348 [main] DEBUG nextflow.Session - Session await
May-23 12:38:56.348 [main] DEBUG nextflow.Session - Session await > all process finished
May-23 12:38:56.348 [main] DEBUG nextflow.Session - Session await > all barriers passed
May-23 12:38:56.352 [main] DEBUG nextflow.trace.StatsObserver - Workflow completed > WorkflowStats[succeedCount=0; failedCount=0; ignoredCount=0; cachedCount=0; succeedDuration=0ms; failedDuration=0ms; cachedDuration=0ms]
May-23 12:38:56.483 [main] DEBUG nextflow.CacheDB - Closing CacheDB done
May-23 12:38:56.502 [main] DEBUG nextflow.script.ScriptRunner - > Execution complete -- Goodbye
